
################################################################################
#
# This file has been generated by SpyGlass:
#     Report Name      : spyglass_violations
#     Report Created by: r14074
#     Report Created on:  Thu Sep 25 04:03:15 2025
#     Working Directory: /home/raid7_1/user14/r14074/cvsd/hw1/hw1/01_RTL
#     SpyGlass Version : SpyGlass_vT-2022.06
#     Policy Name      : SpyGlass(SpyGlass_vT-2022.06)
#                        clock-reset(SpyGlass_vT-2022.06)
#                        erc(SpyGlass_vT-2022.06)
#                        latch(SpyGlass_vT-2022.06)
#                        lint(SpyGlass_vT-2022.06)
#                        morelint(SpyGlass_vT-2022.06)
#                        openmore(SpyGlass_vT-2022.06)
#                        power_est(SpyGlass_vT-2022.06)
#                        simulation(SpyGlass_vT-2022.06)
#                        starc(SpyGlass_vT-2022.06)
#                        starc2005(SpyGlass_vT-2022.06)
#                        txv(SpyGlass_vT-2022.06)
#
#     Total Number of Generated Messages :          6
#     Number of Waived Messages          :          0
#     Number of Info Messages            :          2
#     Number of Reported Messages        :          4
#     Number of Overlimit Messages       :          0
#
#
################################################################################

+++++++++++++++++++++++++++++++++++++++++++++++++++++++++++++++++++++++
SPYGLASS_VIOLATIONS REPORT:


############### BuiltIn -> RuleGroup=Blackbox Resolution ###############
+++++++++++++++++++++++++++++++++++++++++++++++++++++++++++++++++++++++++++++++++++++++
ID       Rule                SEV_CLASS    Severity    File     Line    Wt    Message
======================================================================================
[6]      ErrorAnalyzeBBox    ERROR        Error       alu.v    1       10    UnsynthesizedDU: Design Unit 'alu' (elaborated name 'alu') not synthesizable; SYNTH_5230 error(s) found during synthesis
+++++++++++++++++++++++++++++++++++++++++++++++++++++++++++++++++++++++++++++++++++++++


############### BuiltIn -> RuleGroup=Design Read ###############
+++++++++++++++++++++++++++++++++++++++++++++++++++++++++++++++++++++++++++++++++++++++
ID       Rule                    SEV_CLASS    Severity          File                                                                         Line    Wt      Message
======================================================================================
[1]      SYNTH_5230              ERROR        SynthesisError    alu.v                                                                        287     1000    alu -> Number of iterations in repeat-loop exceeds max. allowable limit (2048). Use 'set_option sgsyn_loop_limit <int>' to increase it
+++++++++++++++++++++++++++++++++++++++++++++++++++++++++++++++++++++++++++++++++++++++


############### Non-BuiltIn -> Goal=lint/lint_rtl ###############
+++++++++++++++++++++++++++++++++++++++++++++++++++++++++++++++++++++++++++++++++++++++
ID       Rule    SEV_CLASS    Severity    File     Line    Wt    Message
======================================================================================
[2]      W66     ERROR        Error       alu.v    287     5     Unsynthesizable repeat loop because repeat expression is not constant.[Hierarchy: ':alu']
[3]      W116    WARNING      Warning     alu.v    289     10    For operator (|), left expression: "(temp_data_lrcw << 1)" width 16 should match right expression: "temp_bit" width 1. [Hierarchy: ':alu']
+++++++++++++++++++++++++++++++++++++++++++++++++++++++++++++++++++++++++++++++++++++++
