
################################################################################
#
# This file has been generated by SpyGlass:
#     Report Name      : spyglass_violations
#     Report Created by: r14074
#     Report Created on:  Mon Oct 13 17:15:14 2025
#     Working Directory: /home/raid7_1/user14/r14074/cvsd/hw2/01_RTL
#     SpyGlass Version : SpyGlass_vT-2022.06
#     Policy Name      : SpyGlass(SpyGlass_vT-2022.06)
#                        clock-reset(SpyGlass_vT-2022.06)
#                        erc(SpyGlass_vT-2022.06)
#                        latch(SpyGlass_vT-2022.06)
#                        lint(SpyGlass_vT-2022.06)
#                        morelint(SpyGlass_vT-2022.06)
#                        openmore(SpyGlass_vT-2022.06)
#                        power_est(SpyGlass_vT-2022.06)
#                        simulation(SpyGlass_vT-2022.06)
#                        starc(SpyGlass_vT-2022.06)
#                        starc2005(SpyGlass_vT-2022.06)
#                        txv(SpyGlass_vT-2022.06)
#
#     Total Number of Generated Messages :         11
#     Number of Waived Messages          :          0
#     Number of Info Messages            :          3
#     Number of Reported Messages        :          8
#     Number of Overlimit Messages       :          0
#
#
################################################################################

+++++++++++++++++++++++++++++++++++++++++++++++++++++++++++++++++++++++
SPYGLASS_VIOLATIONS REPORT:


############### BuiltIn -> RuleGroup=Command-line read ###############
+++++++++++++++++++++++++++++++++++++++++++++++++++++++++++++++++++++++++++++++++++++++
ID       Rule                  SEV_CLASS    Severity    File                                                                                                                                 Line    Wt    Message
======================================================================================
[0]      CMD_overloadrule01    WARNING      Warning     /home/raid7_4/raid1_1/linux/synopsys/spyglass/2022.06/SPYGLASS_HOME/GuideWare/latest/block/rtl_handoff/lint/lint_rtl_enhanced.spq    369     10    Overload Specification for rule 'W339' has been ignored
+++++++++++++++++++++++++++++++++++++++++++++++++++++++++++++++++++++++++++++++++++++++


############### BuiltIn -> RuleGroup=Design Read ###############
+++++++++++++++++++++++++++++++++++++++++++++++++++++++++++++++++++++++++++++++++++++++
ID       Rule                    SEV_CLASS    Severity    File                                                                                   Line    Wt    Message
======================================================================================
(N.A.)
+++++++++++++++++++++++++++++++++++++++++++++++++++++++++++++++++++++++++++++++++++++++


############### Non-BuiltIn -> Goal=lint/lint_rtl_enhanced ###############
+++++++++++++++++++++++++++++++++++++++++++++++++++++++++++++++++++++++++++++++++++++++
ID       Rule                 SEV_CLASS    Severity    File                                                                                 Line    Wt    Message
======================================================================================
[A]      STARC05-1.3.1.3      ERROR        Error       core.v                                                                               1035    10    Asynchronous reset signal 'core.i_rst_n' (flop: 'core.u_pc.pc_r[0]') used as non-reset/synchronous-reset at instance 'core.\state_reg[0] .D' (File Name: 'core.v' ,Line no.: '949')
[9]      W164b                ERROR        Error       core.v                                                                               1640    10    LHS: 'shift_amount' width 32 is greater than RHS: 'shift_amount_temp' width 9 in assignment [Hierarchy: ':core:u_alu@alu']
[4]      W216                 ERROR        Error       core.v                                                                               1559    5     Inappropriate range select for int_part_sel variable: "normalize_shift[7:0] "
[5]      W316                 ERROR        Error       core.v                                                                               1640    5     LHS expression width: 32 is greater than RHS expression width: 9 [Hierarchy: ':core:u_alu@alu']
[6]      W164a                WARNING      Warning     core.v                                                                               1208    10    LHS: 'temp_result_calc' width 32 is less than RHS: '($signed(i_operand1) - $signed(i_operand2))' width 33 in assignment [Hierarchy: ':core:u_alu@alu']
[7]      W164a                WARNING      Warning     core.v                                                                               1218    10    LHS: 'temp_result_calc' width 32 is less than RHS: '($signed(i_operand1) + $signed(i_operand2))' width 33 in assignment [Hierarchy: ':core:u_alu@alu']
[8]      W164a                WARNING      Warning     core.v                                                                               1560    10    LHS: 'exp_result' width 8 is less than RHS: '(exp_result - normalize_shift_reg)' width 9 in assignment [Hierarchy: ':core:u_alu@alu']
+++++++++++++++++++++++++++++++++++++++++++++++++++++++++++++++++++++++++++++++++++++++
